<?xml version="1.0" encoding="UTF-8"?>
<!-- Generated by org.testng.reporters.JUnitReportReporter -->
<testsuite hostname="WLT-LE-M2-072" failures="0" tests="1" name="automatedtestingtool.Title_images" time="21.914" errors="0" timestamp="2021-06-25T22:41:23 EDT" skipped="0">
  <testcase classname="automatedtestingtool.Title_images" name="testlogo" time="21.914"/>
  <system-out/>
</testsuite> <!-- automatedtestingtool.Title_images -->
