<?xml version="1.0" encoding="UTF-8"?>
<!-- Generated by org.testng.reporters.JUnitReportReporter -->
<testsuite hostname="WLT-LE-M2-072" failures="0" tests="2" name="automatedtestingtool.Check_buttons" time="39.221" errors="0" timestamp="2021-06-25T22:56:25 EDT" skipped="0">
  <testcase classname="automatedtestingtool.Check_buttons" name="buttons" time="30.070"/>
  <system-out/>
  <testcase classname="automatedtestingtool.Check_buttons" name="imagess" time="9.151"/>
  <system-out/>
</testsuite> <!-- automatedtestingtool.Check_buttons -->
